{"C:\\00_PESSOAL\\A00_VAULT_SWITCH_QA\\06_GQSOFT2-MCR-PROJREVIEW1\\src\\domain\\calc.ts": {"path":"C:\\00_PESSOAL\\A00_VAULT_SWITCH_QA\\06_GQSOFT2-MCR-PROJREVIEW1\\src\\domain\\calc.ts","statementMap":{"0":{"start":{"line":3,"column":4},"end":{"line":3,"column":64}},"1":{"start":{"line":3,"column":47},"end":{"line":3,"column":62}},"2":{"start":{"line":2,"column":0},"end":{"line":2,"column":16}}},"fnMap":{"0":{"name":"sumOnly","decl":{"start":{"line":2,"column":16},"end":{"line":2,"column":23}},"loc":{"start":{"line":2,"column":45},"end":{"line":4,"column":1}}},"1":{"name":"(anonymous_1)","decl":{"start":{"line":3,"column":27},"end":{"line":3,"column":28}},"loc":{"start":{"line":3,"column":47},"end":{"line":3,"column":62}}}},"branchMap":{},"s":{"0":1,"1":4,"2":1},"f":{"0":1,"1":4},"b":{}}
}
